#
# A fatal error has been detected by the Java Runtime Environment:
#
#  EXCEPTION_PRIV_INSTRUCTION (0xc0000096) at pc=0x00000000024b59ad, pid=12188, tid=0x000000000000327c
#
# JRE version: Java(TM) SE Runtime Environment (8.0_181-b13) (build 1.8.0_181-b13)
# Java VM: Java HotSpot(TM) 64-Bit Server VM (25.181-b13 mixed mode windows-amd64 compressed oops)
# Problematic frame:
# j  javax.validation.Validation.byDefaultProvider()Ljavax/validation/bootstrap/GenericBootstrap;+0
#
# Failed to write core dump. Minidumps are not enabled by default on client versions of Windows
#
# If you would like to submit a bug report, please visit:
#   http://bugreport.java.com/bugreport/crash.jsp
#

---------------  T H R E A D  ---------------

Current thread (0x000000001f321800):  JavaThread "background-preinit" [_thread_in_Java, id=12924, stack(0x000000001ff90000,0x0000000020090000)]

siginfo: ExceptionCode=0xc0000096

Registers:
RAX=0x0000000000000000, RBX=0x0000000000000060, RCX=0x0000000000000000, RDX=0x0000000000000000
RSP=0x000000002008f350, RBP=0x000000002008f420, RSI=0x0000000020200020, RDI=0x0000000000000010
R8 =0x0000000000000061, R9 =0x00000000023a1900, R10=0x0000000000000061, R11=0x000000002008eb20
R12=0x0000000000000000, R13=0x000000001ff8082b, R14=0x000000002008f428, R15=0x000000001f321800
RIP=0x00000000024b59ad, EFLAGS=0x0000000000010206

Top of Stack: (sp=0x000000002008f350)
0x000000002008f350:   000000001f321800 000000002008f428
0x000000002008f360:   0000000000000060 0000000020200020
0x000000002008f370:   000000001ff80958 000000006096c720
0x000000002008f380:   0000000000000006 0000000000000006
0x000000002008f390:   0000000000000010 0000000020200020
0x000000002008f3a0:   000000002008f420 000000002008f3d0
0x000000002008f3b0:   0000000000000060 0000000000000005
0x000000002008f3c0:   000000002008f3e0 00000000024c3d62
0x000000002008f3d0:   00000000024c3d62 000000002008f3e0
0x000000002008f3e0:   0000000000000000 000000001ff80828
0x000000002008f3f0:   000000002008f428 000000001ff80940
0x000000002008f400:   0000000000000000 000000001ff80828
0x000000002008f410:   0000000000000000 000000002008f430
0x000000002008f420:   000000002008f470 00000000024b80e0
0x000000002008f430:   000000002008f430 000000001ff802b0
0x000000002008f440:   000000002008f488 000000001ff80410 

Instructions: (pc=0x00000000024b59ad)
0x00000000024b598d:   48 b9 80 bf 75 60 00 00 00 00 48 ba 37 59 4b 02
0x00000000024b599d:   00 00 00 00 4c 8b c4 48 83 e4 f0 e8 c3 fd f9 5d
0x00000000024b59ad:   f4 66 90 00 00 00 00 00 00 00 00 00 00 00 00 00
0x00000000024b59bd:   00 00 00 80 20 00 00 00 00 00 00 68 bf 75 60 00 


Register to memory mapping:

RAX=0x0000000000000000 is an unknown value
RBX=0x0000000000000060 is an unknown value
RCX=0x0000000000000000 is an unknown value
RDX=0x0000000000000000 is an unknown value
RSP=0x000000002008f350 is pointing into the stack for thread: 0x000000001f321800
RBP=0x000000002008f420 is pointing into the stack for thread: 0x000000001f321800
RSI=0x0000000020200020 is an unknown value
RDI=0x0000000000000010 is an unknown value
R8 =0x0000000000000061 is an unknown value
R9 =0x00000000023a1900 is an unknown value
R10=0x0000000000000061 is an unknown value
R11=0x000000002008eb20 is pointing into the stack for thread: 0x000000001f321800
R12=0x0000000000000000 is an unknown value
R13=0x000000001ff8082b is pointing into metadata
R14=0x000000002008f428 is pointing into the stack for thread: 0x000000001f321800
R15=0x000000001f321800 is a thread


Stack: [0x000000001ff90000,0x0000000020090000],  sp=0x000000002008f350,  free space=1020k
Native frames: (J=compiled Java code, j=interpreted, Vv=VM code, C=native code)
C  0x00000000024b59ad


---------------  P R O C E S S  ---------------

Java Threads: ( => current thread )
=>0x000000001f321800 JavaThread "background-preinit" [_thread_in_Java, id=12924, stack(0x000000001ff90000,0x0000000020090000)]
  0x000000001f02f000 JavaThread "RMI TCP Accept-0" daemon [_thread_in_native, id=20064, stack(0x000000001f750000,0x000000001f850000)]
  0x000000001f02b000 JavaThread "RMI TCP Accept-61832" daemon [_thread_in_native, id=22352, stack(0x000000001f650000,0x000000001f750000)]
  0x000000001f020800 JavaThread "RMI TCP Accept-0" daemon [_thread_in_native, id=26372, stack(0x000000001f550000,0x000000001f650000)]
  0x000000001ddf3800 JavaThread "Service Thread" daemon [_thread_blocked, id=12576, stack(0x000000001e910000,0x000000001ea10000)]
  0x000000001dd54000 JavaThread "C1 CompilerThread3" daemon [_thread_blocked, id=26028, stack(0x000000001e810000,0x000000001e910000)]
  0x000000001dd4f000 JavaThread "C2 CompilerThread2" daemon [_thread_blocked, id=23064, stack(0x000000001e710000,0x000000001e810000)]
  0x000000001dd46800 JavaThread "C2 CompilerThread1" daemon [_thread_blocked, id=24680, stack(0x000000001e610000,0x000000001e710000)]
  0x000000001dd43800 JavaThread "C2 CompilerThread0" daemon [_thread_blocked, id=12616, stack(0x000000001e510000,0x000000001e610000)]
  0x000000001dd41000 JavaThread "Attach Listener" daemon [_thread_blocked, id=18296, stack(0x000000001e410000,0x000000001e510000)]
  0x000000001dd40800 JavaThread "Signal Dispatcher" daemon [_thread_blocked, id=12624, stack(0x000000001e310000,0x000000001e410000)]
  0x000000001dd30800 JavaThread "Finalizer" daemon [_thread_blocked, id=12620, stack(0x000000001e110000,0x000000001e210000)]
  0x00000000024ae000 JavaThread "Reference Handler" daemon [_thread_blocked, id=12628, stack(0x000000001dc10000,0x000000001dd10000)]
  0x00000000023b5800 JavaThread "main" [_thread_in_native, id=9252, stack(0x0000000002230000,0x0000000002330000)]

Other Threads:
  0x000000001be18000 VMThread [stack: 0x000000001db10000,0x000000001dc10000] [id=12632]
  0x000000001f032000 WatcherThread [stack: 0x000000001f850000,0x000000001f950000] [id=24536]

VM state:not at safepoint (normal execution)

VM Mutex/Monitor currently owned by a thread: None

Heap:
 PSYoungGen      total 75776K, used 54697K [0x000000076ba00000, 0x0000000770e80000, 0x00000007c0000000)
  eden space 65024K, 84% used [0x000000076ba00000,0x000000076ef6a418,0x000000076f980000)
  from space 10752K, 0% used [0x0000000770400000,0x0000000770400000,0x0000000770e80000)
  to   space 10752K, 0% used [0x000000076f980000,0x000000076f980000,0x0000000770400000)
 ParOldGen       total 173568K, used 0K [0x00000006c2e00000, 0x00000006cd780000, 0x000000076ba00000)
  object space 173568K, 0% used [0x00000006c2e00000,0x00000006c2e00000,0x00000006cd780000)
 Metaspace       used 13816K, capacity 14386K, committed 14592K, reserved 1062912K
  class space    used 1830K, capacity 1969K, committed 2048K, reserved 1048576K

Card table byte_map: [0x0000000011870000,0x0000000012060000] byte_map_base: 0x000000000e259000

Marking Bits: (ParMarkBitMap*) 0x0000000060982d00
 Begin Bits: [0x0000000012db0000, 0x0000000016cf8000)
 End Bits:   [0x0000000016cf8000, 0x000000001ac40000)

Polling page: 0x00000000009c0000

CodeCache: size=245760Kb used=2834Kb max_used=2834Kb free=242925Kb
 bounds [0x00000000024b0000, 0x0000000002780000, 0x00000000114b0000]
 total_blobs=1557 nmethods=1188 adapters=281
 compilation: enabled

Compilation events (10 events):
Event: 1.225 Thread 0x000000001dd54000 nmethod 1168 0x000000000276f510 code [0x000000000276f660, 0x000000000276f7a8]
Event: 1.225 Thread 0x000000001dd54000 1173       1       java.util.Hashtable::access$400 (5 bytes)
Event: 1.225 Thread 0x000000001dd54000 nmethod 1173 0x000000000276f810 code [0x000000000276f960, 0x000000000276fa50]
Event: 1.225 Thread 0x000000001dd54000 1175       1       org.springframework.util.ConcurrentReferenceHashMap::clear (32 bytes)
Event: 1.225 Thread 0x000000001dd54000 nmethod 1175 0x000000000276fad0 code [0x000000000276fc40, 0x000000000276fdc8]
Event: 1.225 Thread 0x000000001dd54000 1174       1       org.springframework.core.env.PropertySource$StubPropertySource::getProperty (2 bytes)
Event: 1.225 Thread 0x000000001dd54000 nmethod 1174 0x000000000276fed0 code [0x0000000002770020, 0x0000000002770130]
Event: 1.225 Thread 0x000000001dd54000 1176       1       java.util.Collections$SingletonSet::iterator (8 bytes)
Event: 1.225 Thread 0x000000001dd54000 nmethod 1176 0x0000000002770190 code [0x00000000027702e0, 0x0000000002770470]
Event: 1.225 Thread 0x000000001dd54000 1177   !   1       java.util.concurrent.ConcurrentHashMap::computeIfAbsent (493 bytes)

GC Heap History (0 events):
No events

Deoptimization events (0 events):
No events

Classes redefined (0 events):
No events

Internal exceptions (10 events):
Event: 1.087 Thread 0x00000000023b5800 Exception <a 'java/lang/NoSuchMethodError': java.lang.Object.lambda$chars$0()Ljava/util/Spliterator$OfInt;> (0x000000076dd078e8) thrown at [C:\re\workspace\8-2-build-windows-amd64-cygwin\jdk8u181\11358\hotspot\src\share\vm\interpreter\linkResolver.cpp, li
Event: 1.109 Thread 0x00000000023b5800 Exception <a 'java/lang/NoSuchMethodError': java.lang.Object.lambda$comparing$77a9974f$1(Ljava/util/function/Function;Ljava/lang/Object;Ljava/lang/Object;)I> (0x000000076df88550) thrown at [C:\re\workspace\8-2-build-windows-amd64-cygwin\jdk8u181\11358\hot
Event: 1.119 Thread 0x00000000023b5800 Exception <a 'java/lang/ArrayIndexOutOfBoundsException'> (0x000000076e087028) thrown at [C:\re\workspace\8-2-build-windows-amd64-cygwin\jdk8u181\11358\hotspot\src\share\vm\runtime\sharedRuntime.cpp, line 605]
Event: 1.120 Thread 0x00000000023b5800 Exception <a 'java/lang/ArrayIndexOutOfBoundsException'> (0x000000076e0971f0) thrown at [C:\re\workspace\8-2-build-windows-amd64-cygwin\jdk8u181\11358\hotspot\src\share\vm\runtime\sharedRuntime.cpp, line 605]
Event: 1.120 Thread 0x00000000023b5800 Exception <a 'java/lang/ArrayIndexOutOfBoundsException'> (0x000000076e098ab8) thrown at [C:\re\workspace\8-2-build-windows-amd64-cygwin\jdk8u181\11358\hotspot\src\share\vm\runtime\sharedRuntime.cpp, line 605]
Event: 1.125 Thread 0x00000000023b5800 Exception <a 'java/lang/NoSuchMethodError': java.lang.Object.lambda$from$1(Ljava/util/function/Supplier;Lorg/springframework/boot/BootstrapContext;)Ljava/lang/Object;> (0x000000076e1388c8) thrown at [C:\re\workspace\8-2-build-windows-amd64-cygwin\jdk8u181
Event: 1.149 Thread 0x00000000023b5800 Exception <a 'java/lang/ArrayIndexOutOfBoundsException'> (0x000000076e34c908) thrown at [C:\re\workspace\8-2-build-windows-amd64-cygwin\jdk8u181\11358\hotspot\src\share\vm\runtime\sharedRuntime.cpp, line 605]
Event: 1.153 Thread 0x00000000023b5800 Exception <a 'java/lang/NoSuchMethodError': java.lang.Object.lambda$of$0(Ljava/lang/Object;Lorg/springframework/boot/BootstrapContext;)Ljava/lang/Object;> (0x000000076e3b2c30) thrown at [C:\re\workspace\8-2-build-windows-amd64-cygwin\jdk8u181\11358\hotspo
Event: 1.158 Thread 0x00000000023b5800 Exception <a 'java/lang/ArrayIndexOutOfBoundsException'> (0x000000076e4290b8) thrown at [C:\re\workspace\8-2-build-windows-amd64-cygwin\jdk8u181\11358\hotspot\src\share\vm\runtime\sharedRuntime.cpp, line 605]
Event: 1.223 Thread 0x00000000023b5800 Exception <a 'java/lang/ArrayIndexOutOfBoundsException'> (0x000000076ec28c28) thrown at [C:\re\workspace\8-2-build-windows-amd64-cygwin\jdk8u181\11358\hotspot\src\share\vm\runtime\sharedRuntime.cpp, line 605]

Events (10 events):
Event: 1.224 loading class org/springframework/boot/autoconfigure/BackgroundPreinitializer$ConversionServiceInitializer
Event: 1.224 loading class org/springframework/boot/autoconfigure/BackgroundPreinitializer$ConversionServiceInitializer done
Event: 1.224 loading class org/springframework/boot/context/properties/bind/Bindable
Event: 1.224 loading class org/springframework/boot/context/properties/bind/Bindable done
Event: 1.225 loading class org/springframework/boot/EnvironmentConverter
Event: 1.225 loading class org/springframework/boot/EnvironmentConverter done
Event: 1.226 loading class org/springframework/boot/autoconfigure/BackgroundPreinitializer$ValidationInitializer
Event: 1.226 loading class org/springframework/boot/autoconfigure/BackgroundPreinitializer$ValidationInitializer done
Event: 1.226 loading class javax/validation/Validation
Event: 1.226 loading class javax/validation/Validation done


Dynamic libraries:
0x00007ff6be7b0000 - 0x00007ff6be7e7000 	C:\Program Files\Java\jdk1.8.0_181\bin\javaw.exe
0x00007fff8beb0000 - 0x00007fff8c0a6000 	C:\Windows\SYSTEM32\ntdll.dll
0x00007fff5f740000 - 0x00007fff5f7b4000 	C:\Windows\System32\verifier.dll
0x00007fff5e2c0000 - 0x00007fff5e3b4000 	C:\Windows\SYSTEM32\PayloadRestrictions.dll
0x00007fff89de0000 - 0x00007fff89ee0000 	C:\Windows\System32\ucrtbase.dll
0x00007fff89a30000 - 0x00007fff89cf8000 	C:\Windows\System32\kernelbase.dll
0x00007fff8b2e0000 - 0x00007fff8b39d000 	C:\Windows\System32\kernel32.dll
0x00007fff8a9e0000 - 0x00007fff8aa8c000 	C:\Windows\System32\ADVAPI32.dll
0x00007fff8b090000 - 0x00007fff8b12e000 	C:\Windows\System32\msvcrt.dll
0x00007fff8b1a0000 - 0x00007fff8b23b000 	C:\Windows\System32\sechost.dll
0x00007fff8b810000 - 0x00007fff8b934000 	C:\Windows\System32\RPCRT4.dll
0x00007fff8bca0000 - 0x00007fff8be40000 	C:\Windows\System32\USER32.dll
0x00007fff89a00000 - 0x00007fff89a22000 	C:\Windows\System32\win32u.dll
0x00007fff8acd0000 - 0x00007fff8acfa000 	C:\Windows\System32\GDI32.dll
0x00007fff89660000 - 0x00007fff89769000 	C:\Windows\System32\gdi32full.dll
0x00007fff895c0000 - 0x00007fff8965d000 	C:\Windows\System32\msvcp_win.dll
0x00007fff6eb50000 - 0x00007fff6edeb000 	C:\Windows\WinSxS\amd64_microsoft.windows.common-controls_6595b64144ccf1df_6.0.19041.488_none_ca04af081b815d21\COMCTL32.dll
0x00007fff8a630000 - 0x00007fff8a660000 	C:\Windows\System32\IMM32.DLL
0x0000000060a10000 - 0x0000000060ae2000 	C:\Program Files\Java\jdk1.8.0_181\jre\bin\msvcr100.dll
0x0000000060160000 - 0x0000000060a02000 	C:\Program Files\Java\jdk1.8.0_181\jre\bin\server\jvm.dll
0x00007fff8b2c0000 - 0x00007fff8b2c8000 	C:\Windows\System32\PSAPI.DLL
0x00007fff71bb0000 - 0x00007fff71bb9000 	C:\Windows\SYSTEM32\WSOCK32.dll
0x00007fff8b130000 - 0x00007fff8b19b000 	C:\Windows\System32\WS2_32.dll
0x00007fff71760000 - 0x00007fff71787000 	C:\Windows\SYSTEM32\WINMM.dll
0x00007fff73ed0000 - 0x00007fff73eda000 	C:\Windows\SYSTEM32\VERSION.dll
0x0000000061450000 - 0x000000006145f000 	C:\Program Files\Java\jdk1.8.0_181\jre\bin\verify.dll
0x0000000060130000 - 0x0000000060159000 	C:\Program Files\Java\jdk1.8.0_181\jre\bin\java.dll
0x0000000061430000 - 0x0000000061446000 	C:\Program Files\Java\jdk1.8.0_181\jre\bin\zip.dll
0x00007fff89ee0000 - 0x00007fff8a621000 	C:\Windows\System32\SHELL32.dll
0x00007fff87220000 - 0x00007fff879b5000 	C:\Windows\SYSTEM32\windows.storage.dll
0x00007fff8b940000 - 0x00007fff8bc95000 	C:\Windows\System32\combase.dll
0x00007fff88e90000 - 0x00007fff88ebc000 	C:\Windows\SYSTEM32\Wldp.dll
0x00007fff8a930000 - 0x00007fff8a9de000 	C:\Windows\System32\SHCORE.dll
0x00007fff8adb0000 - 0x00007fff8ae05000 	C:\Windows\System32\shlwapi.dll
0x00007fff894f0000 - 0x00007fff89516000 	C:\Windows\SYSTEM32\profapi.dll
0x0000000060120000 - 0x000000006012d000 	C:\Program Files\Java\jdk1.8.0_181\jre\bin\management.dll
0x0000000060100000 - 0x000000006011a000 	C:\Program Files\Java\jdk1.8.0_181\jre\bin\net.dll
0x00007fff88c80000 - 0x00007fff88cea000 	C:\Windows\system32\mswsock.dll
0x00000000600e0000 - 0x00000000600f1000 	C:\Program Files\Java\jdk1.8.0_181\jre\bin\nio.dll
0x00007fff6cba0000 - 0x00007fff6cbb7000 	C:\Windows\system32\napinsp.dll
0x00007fff6cbc0000 - 0x00007fff6cbdb000 	C:\Windows\system32\pnrpnsp.dll
0x00007fff63550000 - 0x00007fff63565000 	C:\Windows\system32\wshbth.dll
0x00007fff7e800000 - 0x00007fff7e81d000 	C:\Windows\system32\NLAapi.dll
0x00007fff88990000 - 0x00007fff889cb000 	C:\Windows\SYSTEM32\IPHLPAPI.DLL
0x00007fff889d0000 - 0x00007fff88a9b000 	C:\Windows\SYSTEM32\DNSAPI.dll
0x00007fff8b2d0000 - 0x00007fff8b2d8000 	C:\Windows\System32\NSI.dll
0x00007fff63530000 - 0x00007fff63542000 	C:\Windows\System32\winrnr.dll
0x00007fff76ee0000 - 0x00007fff76eea000 	C:\Windows\System32\rasadhlp.dll
0x00007fff7c450000 - 0x00007fff7c4cf000 	C:\Windows\System32\fwpuclnt.dll
0x00007fff89db0000 - 0x00007fff89dd7000 	C:\Windows\System32\bcrypt.dll
0x00007fff88ed0000 - 0x00007fff88ee8000 	C:\Windows\SYSTEM32\CRYPTSP.dll
0x00007fff88530000 - 0x00007fff88564000 	C:\Windows\system32\rsaenh.dll
0x00007fff89470000 - 0x00007fff8949e000 	C:\Windows\SYSTEM32\USERENV.dll
0x00007fff89980000 - 0x00007fff899ff000 	C:\Windows\System32\bcryptprimitives.dll
0x00007fff88e00000 - 0x00007fff88e0c000 	C:\Windows\SYSTEM32\CRYPTBASE.dll
0x00007fff7cc50000 - 0x00007fff7cc67000 	C:\Windows\SYSTEM32\dhcpcsvc6.DLL
0x00007fff7cc30000 - 0x00007fff7cc4d000 	C:\Windows\SYSTEM32\dhcpcsvc.DLL
0x00007fff87a90000 - 0x00007fff87c74000 	C:\Windows\SYSTEM32\dbghelp.dll

VM Arguments:
jvm_args: -Dcom.sun.management.jmxremote -Dcom.sun.management.jmxremote.port=61832 -Dcom.sun.management.jmxremote.authenticate=false -Dcom.sun.management.jmxremote.ssl=false -Djava.rmi.server.hostname=localhost -Dspring.liveBeansView.mbeanDomain -Dspring.application.admin.enabled=true -Xverify:none -XX:TieredStopAtLevel=1 -Dfile.encoding=UTF-8 
java_command: com.esprit.bookstore.BookstoreApplication --spring.output.ansi.enabled=always
java_class_path (initial): C:\Users\aesoltani\OneDrive - Vermeg\Bureau\Spring\BookstoreWebApp-develop\target\classes;C:\Users\aesoltani\.m2\repository\javax\javaee-api\6.0\javaee-api-6.0.jar;C:\Users\aesoltani\.m2\repository\org\springframework\boot\spring-boot-starter-data-jpa\2.4.1\spring-boot-starter-data-jpa-2.4.1.jar;C:\Users\aesoltani\.m2\repository\org\springframework\boot\spring-boot-starter-aop\2.4.1\spring-boot-starter-aop-2.4.1.jar;C:\Users\aesoltani\.m2\repository\org\aspectj\aspectjweaver\1.9.6\aspectjweaver-1.9.6.jar;C:\Users\aesoltani\.m2\repository\org\springframework\boot\spring-boot-starter-jdbc\2.4.1\spring-boot-starter-jdbc-2.4.1.jar;C:\Users\aesoltani\.m2\repository\com\zaxxer\HikariCP\3.4.5\HikariCP-3.4.5.jar;C:\Users\aesoltani\.m2\repository\org\springframework\spring-jdbc\5.3.2\spring-jdbc-5.3.2.jar;C:\Users\aesoltani\.m2\repository\jakarta\transaction\jakarta.transaction-api\1.3.3\jakarta.transaction-api-1.3.3.jar;C:\Users\aesoltani\.m2\repository\jakarta\persistence\jakarta.persistence-api\2.2.3\jakarta.persistence-api-2.2.3.jar;C:\Users\aesoltani\.m2\repository\org\hibernate\hibernate-core\5.4.25.Final\hibernate-core-5.4.25.Final.jar;C:\Users\aesoltani\.m2\repository\org\jboss\logging\jboss-logging\3.4.1.Final\jboss-logging-3.4.1.Final.jar;C:\Users\aesoltani\.m2\repository\org\javassist\javassist\3.27.0-GA\javassist-3.27.0-GA.jar;C:\Users\aesoltani\.m2\repository\net\bytebuddy\byte-buddy\1.10.18\byte-buddy-1.10.18.jar;C:\Users\aesoltani\.m2\repository\antlr\antlr\2.7.7\antlr-2.7.7.jar;C:\Users\aesoltani\.m2\repository\org\jboss\jandex\2.1.3.Final\jandex-2.1.3.Final.jar;C:\Users\aesoltani\.m2\repository\com\fasterxml\classmate\1.5.1\classmate-1.5.1.jar;C:\Users\aesoltani\.m2\repository\org\dom4j\dom4j\2.1.3\dom4j-2.1.3.jar;C:\Users\aesoltani\.m2\repository\org\hibernate\common\hibernate-commons-annotations\5.1.2.Final\hibernate-commons-annotations-5.1.2.Final.jar;C:\Users\aesoltani\.m2\repository\org\glassfish\jaxb\jaxb-runtime\2.3.3\jaxb
Launcher Type: SUN_STANDARD

Environment Variables:
JAVA_HOME=C:\Program Files\Java\jdk1.8.0_181
PATH=C:/Users/aesoltani/OneDrive - Vermeg/Bureau/Spring/sts-bundle/sts-3.8.4.RELEASE/jre/bin/server;C:/Users/aesoltani/OneDrive - Vermeg/Bureau/Spring/sts-bundle/sts-3.8.4.RELEASE/jre/bin;C:/Users/aesoltani/OneDrive - Vermeg/Bureau/Spring/sts-bundle/sts-3.8.4.RELEASE/jre/lib/amd64;C:\Program Files\Docker\Docker\Resources\bin;C:\Windows\system32;C:\Windows;C:\Windows\System32\Wbem;C:\Windows\System32\WindowsPowerShell\v1.0\;C:\Windows\System32\OpenSSH\;C:\Program Files (x86)\Sennheiser\SoftphoneSDK\;C:\Program Files\Git\cmd;C:\Program Files\PuTTY\;C:\Program Files\SlikSvn\bin;C:\Program Files\TortoiseSVN\bin;C:\Program Files\nodejs\;C:\Users\aesoltani\AppData\Local\Microsoft\WindowsApps;C:\Users\aesoltani\AppData\Local\Programs\Microsoft VS Code\bin;C:\Users\aesoltani\AppData\Local\Yarn\bin;;C:\Users\aesoltani\OneDrive - Vermeg\Bureau\Spring\sts-bundle\sts-3.8.4.RELEASE;
USERNAME=aesoltani
OS=Windows_NT
PROCESSOR_IDENTIFIER=Intel64 Family 6 Model 142 Stepping 12, GenuineIntel



---------------  S Y S T E M  ---------------

OS: Windows 10.0 , 64 bit Build 19041 (10.0.19041.546)

CPU:total 8 (initial active 8) (4 cores per cpu, 2 threads per core) family 6 model 142 stepping 12, cmov, cx8, fxsr, mmx, sse, sse2, sse3, ssse3, sse4.1, sse4.2, popcnt, avx, avx2, aes, clmul, erms, 3dnowpref, lzcnt, ht, tsc, tscinvbit, bmi1, bmi2, adx

Memory: 4k page, physical 16587224k(3437592k free), swap 39856836k(13991784k free)

vm_info: Java HotSpot(TM) 64-Bit Server VM (25.181-b13) for windows-amd64 JRE (1.8.0_181-b13), built on Jul  7 2018 04:01:33 by "java_re" with MS VC++ 10.0 (VS2010)

time: Thu Feb 04 02:21:36 2021
elapsed time: 1 seconds (0d 0h 0m 1s)

